  [1m[35m (0.1ms)[0m  [1m[34mSELECT sqlite_version(*)[0m
  ↳ /Users/leilaweiss/.rvm/gems/ruby-2.5.1/bin/rake:23
  [1m[35m (1.0ms)[0m  [1m[35mCREATE TABLE "schema_migrations" ("version" varchar NOT NULL PRIMARY KEY)[0m
  ↳ /Users/leilaweiss/.rvm/gems/ruby-2.5.1/bin/rake:23
  [1m[35m (0.9ms)[0m  [1m[35mCREATE TABLE "ar_internal_metadata" ("key" varchar NOT NULL PRIMARY KEY, "value" varchar, "created_at" datetime NOT NULL, "updated_at" datetime NOT NULL)[0m
  ↳ /Users/leilaweiss/.rvm/gems/ruby-2.5.1/bin/rake:23
  [1m[35m (0.1ms)[0m  [1m[34mSELECT "schema_migrations"."version" FROM "schema_migrations" ORDER BY "schema_migrations"."version" ASC[0m
  ↳ /Users/leilaweiss/.rvm/gems/ruby-2.5.1/bin/rake:23
Migrating to CreateStudios (20190607134731)
  [1m[35m (0.1ms)[0m  [1m[36mbegin transaction[0m
  ↳ /Users/leilaweiss/.rvm/gems/ruby-2.5.1/bin/rake:23
  [1m[35m (0.3ms)[0m  [1m[35mCREATE TABLE "studios" ("id" integer PRIMARY KEY AUTOINCREMENT NOT NULL, "room" varchar, "gym_id" integer, "created_at" datetime NOT NULL, "updated_at" datetime NOT NULL)[0m
  ↳ db/migrate/20190607134731_create_studios.rb:3
  [1m[36mActiveRecord::SchemaMigration Create (0.1ms)[0m  [1m[32mINSERT INTO "schema_migrations" ("version") VALUES (?)[0m  [["version", "20190607134731"]]
  ↳ /Users/leilaweiss/.rvm/gems/ruby-2.5.1/bin/rake:23
  [1m[35m (0.7ms)[0m  [1m[36mcommit transaction[0m
  ↳ /Users/leilaweiss/.rvm/gems/ruby-2.5.1/bin/rake:23
Migrating to CreateMembers (20190607134815)
  [1m[35m (0.0ms)[0m  [1m[36mbegin transaction[0m
  ↳ /Users/leilaweiss/.rvm/gems/ruby-2.5.1/bin/rake:23
  [1m[35m (0.2ms)[0m  [1m[35mCREATE TABLE "members" ("id" integer PRIMARY KEY AUTOINCREMENT NOT NULL, "name" varchar, "email" varchar, "pasword" varchar, "studio_id" integer, "spin_class_id" integer, "created_at" datetime NOT NULL, "updated_at" datetime NOT NULL)[0m
  ↳ db/migrate/20190607134815_create_members.rb:3
  [1m[36mActiveRecord::SchemaMigration Create (0.1ms)[0m  [1m[32mINSERT INTO "schema_migrations" ("version") VALUES (?)[0m  [["version", "20190607134815"]]
  ↳ /Users/leilaweiss/.rvm/gems/ruby-2.5.1/bin/rake:23
  [1m[35m (0.6ms)[0m  [1m[36mcommit transaction[0m
  ↳ /Users/leilaweiss/.rvm/gems/ruby-2.5.1/bin/rake:23
Migrating to CreateSpinClasses (20190607134856)
  [1m[35m (0.0ms)[0m  [1m[36mbegin transaction[0m
  ↳ /Users/leilaweiss/.rvm/gems/ruby-2.5.1/bin/rake:23
  [1m[35m (0.2ms)[0m  [1m[35mCREATE TABLE "spin_classes" ("id" integer PRIMARY KEY AUTOINCREMENT NOT NULL, "name" integer, "created_at" datetime NOT NULL, "updated_at" datetime NOT NULL)[0m
  ↳ db/migrate/20190607134856_create_spin_classes.rb:3
  [1m[36mActiveRecord::SchemaMigration Create (0.1ms)[0m  [1m[32mINSERT INTO "schema_migrations" ("version") VALUES (?)[0m  [["version", "20190607134856"]]
  ↳ /Users/leilaweiss/.rvm/gems/ruby-2.5.1/bin/rake:23
  [1m[35m (0.6ms)[0m  [1m[36mcommit transaction[0m
  ↳ /Users/leilaweiss/.rvm/gems/ruby-2.5.1/bin/rake:23
Migrating to CreateGyms (20190607134910)
  [1m[35m (0.0ms)[0m  [1m[36mbegin transaction[0m
  ↳ /Users/leilaweiss/.rvm/gems/ruby-2.5.1/bin/rake:23
  [1m[35m (0.2ms)[0m  [1m[35mCREATE TABLE "gyms" ("id" integer PRIMARY KEY AUTOINCREMENT NOT NULL, "name" varchar, "created_at" datetime NOT NULL, "updated_at" datetime NOT NULL)[0m
  ↳ db/migrate/20190607134910_create_gyms.rb:3
  [1m[36mActiveRecord::SchemaMigration Create (0.1ms)[0m  [1m[32mINSERT INTO "schema_migrations" ("version") VALUES (?)[0m  [["version", "20190607134910"]]
  ↳ /Users/leilaweiss/.rvm/gems/ruby-2.5.1/bin/rake:23
  [1m[35m (0.7ms)[0m  [1m[36mcommit transaction[0m
  ↳ /Users/leilaweiss/.rvm/gems/ruby-2.5.1/bin/rake:23
  [1m[36mActiveRecord::InternalMetadata Load (0.1ms)[0m  [1m[34mSELECT  "ar_internal_metadata".* FROM "ar_internal_metadata" WHERE "ar_internal_metadata"."key" = ? LIMIT ?[0m  [["key", "environment"], ["LIMIT", 1]]
  ↳ /Users/leilaweiss/.rvm/gems/ruby-2.5.1/bin/rake:23
  [1m[35m (0.0ms)[0m  [1m[36mbegin transaction[0m
  ↳ /Users/leilaweiss/.rvm/gems/ruby-2.5.1/bin/rake:23
  [1m[36mActiveRecord::InternalMetadata Create (0.2ms)[0m  [1m[32mINSERT INTO "ar_internal_metadata" ("key", "value", "created_at", "updated_at") VALUES (?, ?, ?, ?)[0m  [["key", "environment"], ["value", "development"], ["created_at", "2019-06-07 13:54:26.980693"], ["updated_at", "2019-06-07 13:54:26.980693"]]
  ↳ /Users/leilaweiss/.rvm/gems/ruby-2.5.1/bin/rake:23
  [1m[35m (0.6ms)[0m  [1m[36mcommit transaction[0m
  ↳ /Users/leilaweiss/.rvm/gems/ruby-2.5.1/bin/rake:23
  [1m[35m (0.1ms)[0m  [1m[34mSELECT "schema_migrations"."version" FROM "schema_migrations" ORDER BY "schema_migrations"."version" ASC[0m
  ↳ /Users/leilaweiss/.rvm/gems/ruby-2.5.1/bin/rake:23
  [1m[35m (0.2ms)[0m  [1m[34mSELECT "schema_migrations"."version" FROM "schema_migrations" ORDER BY "schema_migrations"."version" ASC[0m
  ↳ /Users/leilaweiss/.rvm/gems/ruby-2.5.1/bin/rake:23
Started GET "/" for ::1 at 2019-06-07 09:55:01 -0400
  [1m[35m (0.1ms)[0m  [1m[34mSELECT "schema_migrations"."version" FROM "schema_migrations" ORDER BY "schema_migrations"."version" ASC[0m
  ↳ /Users/leilaweiss/.rvm/gems/ruby-2.5.1/gems/activerecord-5.2.3/lib/active_record/log_subscriber.rb:98
Processing by Rails::WelcomeController#index as HTML
  Rendering /Users/leilaweiss/.rvm/gems/ruby-2.5.1/gems/railties-5.2.3/lib/rails/templates/rails/welcome/index.html.erb
  Rendered /Users/leilaweiss/.rvm/gems/ruby-2.5.1/gems/railties-5.2.3/lib/rails/templates/rails/welcome/index.html.erb (2.8ms)
Completed 200 OK in 14ms (Views: 7.5ms | ActiveRecord: 0.0ms)


  [1m[35m (0.1ms)[0m  [1m[34mSELECT "schema_migrations"."version" FROM "schema_migrations" ORDER BY "schema_migrations"."version" ASC[0m
  ↳ bin/rails:9
Migrating to AddDeviseToMembers (20190607140713)
  [1m[35m (0.1ms)[0m  [1m[36mbegin transaction[0m
  ↳ bin/rails:9
  [1m[35m (0.5ms)[0m  [1m[35mALTER TABLE "members" ADD "email" varchar DEFAULT '' NOT NULL[0m
  ↳ db/migrate/20190607140713_add_devise_to_members.rb:7
  [1m[35m (0.1ms)[0m  [1m[31mrollback transaction[0m
  ↳ bin/rails:9
  [1m[35m (0.2ms)[0m  [1m[34mSELECT "schema_migrations"."version" FROM "schema_migrations" ORDER BY "schema_migrations"."version" ASC[0m
  ↳ /Users/leilaweiss/.rvm/gems/ruby-2.5.1/bin/rake:23
  [1m[35m (0.1ms)[0m  [1m[34mSELECT "ar_internal_metadata"."value" FROM "ar_internal_metadata" WHERE "ar_internal_metadata"."key" = ?[0m  [["key", "environment"]]
  ↳ /Users/leilaweiss/.rvm/gems/ruby-2.5.1/bin/rake:23
  [1m[35m (0.0ms)[0m  [1m[34mSELECT "schema_migrations"."version" FROM "schema_migrations" ORDER BY "schema_migrations"."version" ASC[0m
  ↳ /Users/leilaweiss/.rvm/gems/ruby-2.5.1/bin/rake:23
  [1m[35m (0.1ms)[0m  [1m[34mSELECT "ar_internal_metadata"."value" FROM "ar_internal_metadata" WHERE "ar_internal_metadata"."key" = ?[0m  [["key", "environment"]]
  ↳ /Users/leilaweiss/.rvm/gems/ruby-2.5.1/bin/rake:23
  [1m[35m (0.0ms)[0m  [1m[34mSELECT "schema_migrations"."version" FROM "schema_migrations" ORDER BY "schema_migrations"."version" ASC[0m
  ↳ /Users/leilaweiss/.rvm/gems/ruby-2.5.1/bin/rake:23
  [1m[35m (0.0ms)[0m  [1m[34mSELECT "ar_internal_metadata"."value" FROM "ar_internal_metadata" WHERE "ar_internal_metadata"."key" = ?[0m  [["key", "environment"]]
  ↳ /Users/leilaweiss/.rvm/gems/ruby-2.5.1/bin/rake:23
  [1m[35m (0.1ms)[0m  [1m[35mDROP TABLE IF EXISTS "gyms"[0m
  ↳ db/schema.rb:15
  [1m[35m (0.1ms)[0m  [1m[34mSELECT sqlite_version(*)[0m
  ↳ db/schema.rb:15
  [1m[35m (1.1ms)[0m  [1m[35mCREATE TABLE "gyms" ("id" integer PRIMARY KEY AUTOINCREMENT NOT NULL, "name" varchar, "created_at" datetime NOT NULL, "updated_at" datetime NOT NULL)[0m
  ↳ db/schema.rb:15
  [1m[35m (0.1ms)[0m  [1m[35mDROP TABLE IF EXISTS "members"[0m
  ↳ db/schema.rb:21
  [1m[35m (1.0ms)[0m  [1m[35mCREATE TABLE "members" ("id" integer PRIMARY KEY AUTOINCREMENT NOT NULL, "name" varchar, "email" varchar, "pasword" varchar, "studio_id" integer, "spin_class_id" integer, "created_at" datetime NOT NULL, "updated_at" datetime NOT NULL)[0m
  ↳ db/schema.rb:21
  [1m[35m (0.1ms)[0m  [1m[35mDROP TABLE IF EXISTS "spin_classes"[0m
  ↳ db/schema.rb:31
  [1m[35m (0.9ms)[0m  [1m[35mCREATE TABLE "spin_classes" ("id" integer PRIMARY KEY AUTOINCREMENT NOT NULL, "name" integer, "created_at" datetime NOT NULL, "updated_at" datetime NOT NULL)[0m
  ↳ db/schema.rb:31
  [1m[35m (0.1ms)[0m  [1m[35mDROP TABLE IF EXISTS "studios"[0m
  ↳ db/schema.rb:37
  [1m[35m (0.8ms)[0m  [1m[35mCREATE TABLE "studios" ("id" integer PRIMARY KEY AUTOINCREMENT NOT NULL, "room" varchar, "gym_id" integer, "created_at" datetime NOT NULL, "updated_at" datetime NOT NULL)[0m
  ↳ db/schema.rb:37
  [1m[35m (0.9ms)[0m  [1m[35mCREATE TABLE "schema_migrations" ("version" varchar NOT NULL PRIMARY KEY)[0m
  ↳ db/schema.rb:13
  [1m[35m (0.1ms)[0m  [1m[34mSELECT "schema_migrations"."version" FROM "schema_migrations" ORDER BY "schema_migrations"."version" ASC[0m
  ↳ db/schema.rb:13
  [1m[35m (0.7ms)[0m  [1m[32mINSERT INTO "schema_migrations" (version) VALUES (20190607134910)[0m
  ↳ db/schema.rb:13
  [1m[35m (0.9ms)[0m  [1m[32mINSERT INTO "schema_migrations" (version) VALUES
(20190607134815),
(20190607134856),
(20190607134731);

[0m
  ↳ db/schema.rb:13
  [1m[35m (0.8ms)[0m  [1m[35mCREATE TABLE "ar_internal_metadata" ("key" varchar NOT NULL PRIMARY KEY, "value" varchar, "created_at" datetime NOT NULL, "updated_at" datetime NOT NULL)[0m
  ↳ db/schema.rb:13
  [1m[36mActiveRecord::InternalMetadata Load (0.1ms)[0m  [1m[34mSELECT  "ar_internal_metadata".* FROM "ar_internal_metadata" WHERE "ar_internal_metadata"."key" = ? LIMIT ?[0m  [["key", "environment"], ["LIMIT", 1]]
  ↳ db/schema.rb:13
  [1m[35m (0.1ms)[0m  [1m[36mbegin transaction[0m
  ↳ db/schema.rb:13
  [1m[36mActiveRecord::InternalMetadata Create (0.4ms)[0m  [1m[32mINSERT INTO "ar_internal_metadata" ("key", "value", "created_at", "updated_at") VALUES (?, ?, ?, ?)[0m  [["key", "environment"], ["value", "development"], ["created_at", "2019-06-07 14:08:06.301566"], ["updated_at", "2019-06-07 14:08:06.301566"]]
  ↳ db/schema.rb:13
  [1m[35m (0.7ms)[0m  [1m[36mcommit transaction[0m
  ↳ db/schema.rb:13
  [1m[36mActiveRecord::InternalMetadata Load (0.1ms)[0m  [1m[34mSELECT  "ar_internal_metadata".* FROM "ar_internal_metadata" WHERE "ar_internal_metadata"."key" = ? LIMIT ?[0m  [["key", "environment"], ["LIMIT", 1]]
  ↳ /Users/leilaweiss/.rvm/gems/ruby-2.5.1/bin/rake:23
  [1m[35m (0.1ms)[0m  [1m[36mbegin transaction[0m
  ↳ /Users/leilaweiss/.rvm/gems/ruby-2.5.1/bin/rake:23
  [1m[35m (0.0ms)[0m  [1m[36mcommit transaction[0m
  ↳ /Users/leilaweiss/.rvm/gems/ruby-2.5.1/bin/rake:23
  [1m[35m (0.1ms)[0m  [1m[35mDROP TABLE IF EXISTS "gyms"[0m
  ↳ db/schema.rb:15
  [1m[35m (0.1ms)[0m  [1m[34mSELECT sqlite_version(*)[0m
  ↳ db/schema.rb:15
  [1m[35m (0.8ms)[0m  [1m[35mCREATE TABLE "gyms" ("id" integer PRIMARY KEY AUTOINCREMENT NOT NULL, "name" varchar, "created_at" datetime NOT NULL, "updated_at" datetime NOT NULL)[0m
  ↳ db/schema.rb:15
  [1m[35m (0.1ms)[0m  [1m[35mDROP TABLE IF EXISTS "members"[0m
  ↳ db/schema.rb:21
  [1m[35m (0.9ms)[0m  [1m[35mCREATE TABLE "members" ("id" integer PRIMARY KEY AUTOINCREMENT NOT NULL, "name" varchar, "email" varchar, "pasword" varchar, "studio_id" integer, "spin_class_id" integer, "created_at" datetime NOT NULL, "updated_at" datetime NOT NULL)[0m
  ↳ db/schema.rb:21
  [1m[35m (0.1ms)[0m  [1m[35mDROP TABLE IF EXISTS "spin_classes"[0m
  ↳ db/schema.rb:31
  [1m[35m (0.9ms)[0m  [1m[35mCREATE TABLE "spin_classes" ("id" integer PRIMARY KEY AUTOINCREMENT NOT NULL, "name" integer, "created_at" datetime NOT NULL, "updated_at" datetime NOT NULL)[0m
  ↳ db/schema.rb:31
  [1m[35m (0.1ms)[0m  [1m[35mDROP TABLE IF EXISTS "studios"[0m
  ↳ db/schema.rb:37
  [1m[35m (0.8ms)[0m  [1m[35mCREATE TABLE "studios" ("id" integer PRIMARY KEY AUTOINCREMENT NOT NULL, "room" varchar, "gym_id" integer, "created_at" datetime NOT NULL, "updated_at" datetime NOT NULL)[0m
  ↳ db/schema.rb:37
  [1m[35m (0.8ms)[0m  [1m[35mCREATE TABLE "schema_migrations" ("version" varchar NOT NULL PRIMARY KEY)[0m
  ↳ db/schema.rb:13
  [1m[35m (0.1ms)[0m  [1m[34mSELECT "schema_migrations"."version" FROM "schema_migrations" ORDER BY "schema_migrations"."version" ASC[0m
  ↳ db/schema.rb:13
  [1m[35m (0.7ms)[0m  [1m[32mINSERT INTO "schema_migrations" (version) VALUES (20190607134910)[0m
  ↳ db/schema.rb:13
  [1m[35m (0.8ms)[0m  [1m[32mINSERT INTO "schema_migrations" (version) VALUES
(20190607134815),
(20190607134856),
(20190607134731);

[0m
  ↳ db/schema.rb:13
  [1m[35m (0.8ms)[0m  [1m[35mCREATE TABLE "ar_internal_metadata" ("key" varchar NOT NULL PRIMARY KEY, "value" varchar, "created_at" datetime NOT NULL, "updated_at" datetime NOT NULL)[0m
  ↳ db/schema.rb:13
  [1m[36mActiveRecord::InternalMetadata Load (0.1ms)[0m  [1m[34mSELECT  "ar_internal_metadata".* FROM "ar_internal_metadata" WHERE "ar_internal_metadata"."key" = ? LIMIT ?[0m  [["key", "environment"], ["LIMIT", 1]]
  ↳ db/schema.rb:13
  [1m[35m (0.0ms)[0m  [1m[36mbegin transaction[0m
  ↳ db/schema.rb:13
  [1m[36mActiveRecord::InternalMetadata Create (0.2ms)[0m  [1m[32mINSERT INTO "ar_internal_metadata" ("key", "value", "created_at", "updated_at") VALUES (?, ?, ?, ?)[0m  [["key", "environment"], ["value", "development"], ["created_at", "2019-06-07 14:08:06.319883"], ["updated_at", "2019-06-07 14:08:06.319883"]]
  ↳ db/schema.rb:13
  [1m[35m (0.5ms)[0m  [1m[36mcommit transaction[0m
  ↳ db/schema.rb:13
  [1m[36mActiveRecord::InternalMetadata Load (0.1ms)[0m  [1m[34mSELECT  "ar_internal_metadata".* FROM "ar_internal_metadata" WHERE "ar_internal_metadata"."key" = ? LIMIT ?[0m  [["key", "environment"], ["LIMIT", 1]]
  ↳ /Users/leilaweiss/.rvm/gems/ruby-2.5.1/bin/rake:23
  [1m[35m (0.0ms)[0m  [1m[36mbegin transaction[0m
  ↳ /Users/leilaweiss/.rvm/gems/ruby-2.5.1/bin/rake:23
  [1m[36mActiveRecord::InternalMetadata Update (0.2ms)[0m  [1m[33mUPDATE "ar_internal_metadata" SET "value" = ?, "updated_at" = ? WHERE "ar_internal_metadata"."key" = ?[0m  [["value", "test"], ["updated_at", "2019-06-07 14:08:06.322186"], ["key", "environment"]]
  ↳ /Users/leilaweiss/.rvm/gems/ruby-2.5.1/bin/rake:23
  [1m[35m (0.5ms)[0m  [1m[36mcommit transaction[0m
  ↳ /Users/leilaweiss/.rvm/gems/ruby-2.5.1/bin/rake:23
  [1m[35m (0.1ms)[0m  [1m[34mSELECT "schema_migrations"."version" FROM "schema_migrations" ORDER BY "schema_migrations"."version" ASC[0m
  ↳ /Users/leilaweiss/.rvm/gems/ruby-2.5.1/bin/rake:23
  [1m[35m (0.2ms)[0m  [1m[34mSELECT "schema_migrations"."version" FROM "schema_migrations" ORDER BY "schema_migrations"."version" ASC[0m
  ↳ /Users/leilaweiss/.rvm/gems/ruby-2.5.1/bin/rake:23
Migrating to AddDeviseToMembers (20190607140713)
  [1m[35m (0.1ms)[0m  [1m[36mbegin transaction[0m
  ↳ /Users/leilaweiss/.rvm/gems/ruby-2.5.1/bin/rake:23
  [1m[35m (0.5ms)[0m  [1m[35mALTER TABLE "members" ADD "email" varchar DEFAULT '' NOT NULL[0m
  ↳ db/migrate/20190607140713_add_devise_to_members.rb:7
  [1m[35m (0.1ms)[0m  [1m[31mrollback transaction[0m
  ↳ /Users/leilaweiss/.rvm/gems/ruby-2.5.1/bin/rake:23
  [1m[35m (0.1ms)[0m  [1m[34mSELECT "schema_migrations"."version" FROM "schema_migrations" ORDER BY "schema_migrations"."version" ASC[0m
  ↳ /Users/leilaweiss/.rvm/gems/ruby-2.5.1/bin/rake:23
  [1m[35m (0.1ms)[0m  [1m[34mSELECT "ar_internal_metadata"."value" FROM "ar_internal_metadata" WHERE "ar_internal_metadata"."key" = ?[0m  [["key", "environment"]]
  ↳ /Users/leilaweiss/.rvm/gems/ruby-2.5.1/bin/rake:23
  [1m[35m (0.0ms)[0m  [1m[34mSELECT "schema_migrations"."version" FROM "schema_migrations" ORDER BY "schema_migrations"."version" ASC[0m
  ↳ /Users/leilaweiss/.rvm/gems/ruby-2.5.1/bin/rake:23
  [1m[35m (0.1ms)[0m  [1m[34mSELECT "ar_internal_metadata"."value" FROM "ar_internal_metadata" WHERE "ar_internal_metadata"."key" = ?[0m  [["key", "environment"]]
  ↳ /Users/leilaweiss/.rvm/gems/ruby-2.5.1/bin/rake:23
  [1m[35m (0.0ms)[0m  [1m[34mSELECT "schema_migrations"."version" FROM "schema_migrations" ORDER BY "schema_migrations"."version" ASC[0m
  ↳ /Users/leilaweiss/.rvm/gems/ruby-2.5.1/bin/rake:23
  [1m[35m (0.0ms)[0m  [1m[34mSELECT "ar_internal_metadata"."value" FROM "ar_internal_metadata" WHERE "ar_internal_metadata"."key" = ?[0m  [["key", "environment"]]
  ↳ /Users/leilaweiss/.rvm/gems/ruby-2.5.1/bin/rake:23
  [1m[35m (0.1ms)[0m  [1m[34mSELECT sqlite_version(*)[0m
  ↳ /Users/leilaweiss/.rvm/gems/ruby-2.5.1/bin/rake:23
  [1m[35m (1.6ms)[0m  [1m[35mCREATE TABLE "schema_migrations" ("version" varchar NOT NULL PRIMARY KEY)[0m
  ↳ /Users/leilaweiss/.rvm/gems/ruby-2.5.1/bin/rake:23
  [1m[35m (1.0ms)[0m  [1m[35mCREATE TABLE "ar_internal_metadata" ("key" varchar NOT NULL PRIMARY KEY, "value" varchar, "created_at" datetime NOT NULL, "updated_at" datetime NOT NULL)[0m
  ↳ /Users/leilaweiss/.rvm/gems/ruby-2.5.1/bin/rake:23
  [1m[35m (0.1ms)[0m  [1m[34mSELECT "schema_migrations"."version" FROM "schema_migrations" ORDER BY "schema_migrations"."version" ASC[0m
  ↳ /Users/leilaweiss/.rvm/gems/ruby-2.5.1/bin/rake:23
Migrating to CreateStudios (20190607134731)
  [1m[35m (0.0ms)[0m  [1m[36mbegin transaction[0m
  ↳ /Users/leilaweiss/.rvm/gems/ruby-2.5.1/bin/rake:23
  [1m[35m (0.3ms)[0m  [1m[35mCREATE TABLE "studios" ("id" integer PRIMARY KEY AUTOINCREMENT NOT NULL, "room" varchar, "gym_id" integer, "created_at" datetime NOT NULL, "updated_at" datetime NOT NULL)[0m
  ↳ db/migrate/20190607134731_create_studios.rb:3
  [1m[36mActiveRecord::SchemaMigration Create (0.1ms)[0m  [1m[32mINSERT INTO "schema_migrations" ("version") VALUES (?)[0m  [["version", "20190607134731"]]
  ↳ /Users/leilaweiss/.rvm/gems/ruby-2.5.1/bin/rake:23
  [1m[35m (0.6ms)[0m  [1m[36mcommit transaction[0m
  ↳ /Users/leilaweiss/.rvm/gems/ruby-2.5.1/bin/rake:23
Migrating to CreateMembers (20190607134815)
  [1m[35m (0.1ms)[0m  [1m[36mbegin transaction[0m
  ↳ /Users/leilaweiss/.rvm/gems/ruby-2.5.1/bin/rake:23
  [1m[35m (0.8ms)[0m  [1m[35mCREATE TABLE "members" ("id" integer PRIMARY KEY AUTOINCREMENT NOT NULL, "name" varchar, "studio_id" integer, "spin_class_id" integer, "created_at" datetime NOT NULL, "updated_at" datetime NOT NULL)[0m
  ↳ db/migrate/20190607134815_create_members.rb:3
  [1m[36mActiveRecord::SchemaMigration Create (0.2ms)[0m  [1m[32mINSERT INTO "schema_migrations" ("version") VALUES (?)[0m  [["version", "20190607134815"]]
  ↳ /Users/leilaweiss/.rvm/gems/ruby-2.5.1/bin/rake:23
  [1m[35m (0.9ms)[0m  [1m[36mcommit transaction[0m
  ↳ /Users/leilaweiss/.rvm/gems/ruby-2.5.1/bin/rake:23
Migrating to CreateSpinClasses (20190607134856)
  [1m[35m (0.1ms)[0m  [1m[36mbegin transaction[0m
  ↳ /Users/leilaweiss/.rvm/gems/ruby-2.5.1/bin/rake:23
  [1m[35m (0.4ms)[0m  [1m[35mCREATE TABLE "spin_classes" ("id" integer PRIMARY KEY AUTOINCREMENT NOT NULL, "name" integer, "created_at" datetime NOT NULL, "updated_at" datetime NOT NULL)[0m
  ↳ db/migrate/20190607134856_create_spin_classes.rb:3
  [1m[36mActiveRecord::SchemaMigration Create (0.1ms)[0m  [1m[32mINSERT INTO "schema_migrations" ("version") VALUES (?)[0m  [["version", "20190607134856"]]
  ↳ /Users/leilaweiss/.rvm/gems/ruby-2.5.1/bin/rake:23
  [1m[35m (0.6ms)[0m  [1m[36mcommit transaction[0m
  ↳ /Users/leilaweiss/.rvm/gems/ruby-2.5.1/bin/rake:23
Migrating to CreateGyms (20190607134910)
  [1m[35m (0.0ms)[0m  [1m[36mbegin transaction[0m
  ↳ /Users/leilaweiss/.rvm/gems/ruby-2.5.1/bin/rake:23
  [1m[35m (0.4ms)[0m  [1m[35mCREATE TABLE "gyms" ("id" integer PRIMARY KEY AUTOINCREMENT NOT NULL, "name" varchar, "created_at" datetime NOT NULL, "updated_at" datetime NOT NULL)[0m
  ↳ db/migrate/20190607134910_create_gyms.rb:3
  [1m[36mActiveRecord::SchemaMigration Create (0.1ms)[0m  [1m[32mINSERT INTO "schema_migrations" ("version") VALUES (?)[0m  [["version", "20190607134910"]]
  ↳ /Users/leilaweiss/.rvm/gems/ruby-2.5.1/bin/rake:23
  [1m[35m (0.7ms)[0m  [1m[36mcommit transaction[0m
  ↳ /Users/leilaweiss/.rvm/gems/ruby-2.5.1/bin/rake:23
Migrating to AddDeviseToMembers (20190607140713)
  [1m[35m (0.1ms)[0m  [1m[36mbegin transaction[0m
  ↳ /Users/leilaweiss/.rvm/gems/ruby-2.5.1/bin/rake:23
  [1m[35m (1.2ms)[0m  [1m[35mALTER TABLE "members" ADD "email" varchar DEFAULT '' NOT NULL[0m
  ↳ db/migrate/20190607140713_add_devise_to_members.rb:7
  [1m[35m (0.2ms)[0m  [1m[35mALTER TABLE "members" ADD "encrypted_password" varchar DEFAULT '' NOT NULL[0m
  ↳ db/migrate/20190607140713_add_devise_to_members.rb:8
  [1m[35m (0.3ms)[0m  [1m[35mALTER TABLE "members" ADD "reset_password_token" varchar[0m
  ↳ db/migrate/20190607140713_add_devise_to_members.rb:11
  [1m[35m (0.3ms)[0m  [1m[35mALTER TABLE "members" ADD "reset_password_sent_at" datetime[0m
  ↳ db/migrate/20190607140713_add_devise_to_members.rb:12
  [1m[35m (0.3ms)[0m  [1m[35mALTER TABLE "members" ADD "remember_created_at" datetime[0m
  ↳ db/migrate/20190607140713_add_devise_to_members.rb:15
  [1m[35m (0.2ms)[0m  [1m[35mCREATE UNIQUE INDEX "index_members_on_email" ON "members" ("email")[0m
  ↳ db/migrate/20190607140713_add_devise_to_members.rb:40
  [1m[35m (0.1ms)[0m  [1m[35mCREATE UNIQUE INDEX "index_members_on_reset_password_token" ON "members" ("reset_password_token")[0m
  ↳ db/migrate/20190607140713_add_devise_to_members.rb:41
  [1m[36mActiveRecord::SchemaMigration Create (0.1ms)[0m  [1m[32mINSERT INTO "schema_migrations" ("version") VALUES (?)[0m  [["version", "20190607140713"]]
  ↳ /Users/leilaweiss/.rvm/gems/ruby-2.5.1/bin/rake:23
  [1m[35m (0.8ms)[0m  [1m[36mcommit transaction[0m
  ↳ /Users/leilaweiss/.rvm/gems/ruby-2.5.1/bin/rake:23
  [1m[36mActiveRecord::InternalMetadata Load (0.1ms)[0m  [1m[34mSELECT  "ar_internal_metadata".* FROM "ar_internal_metadata" WHERE "ar_internal_metadata"."key" = ? LIMIT ?[0m  [["key", "environment"], ["LIMIT", 1]]
  ↳ /Users/leilaweiss/.rvm/gems/ruby-2.5.1/bin/rake:23
  [1m[35m (0.0ms)[0m  [1m[36mbegin transaction[0m
  ↳ /Users/leilaweiss/.rvm/gems/ruby-2.5.1/bin/rake:23
  [1m[36mActiveRecord::InternalMetadata Create (0.3ms)[0m  [1m[32mINSERT INTO "ar_internal_metadata" ("key", "value", "created_at", "updated_at") VALUES (?, ?, ?, ?)[0m  [["key", "environment"], ["value", "development"], ["created_at", "2019-06-07 14:09:06.696906"], ["updated_at", "2019-06-07 14:09:06.696906"]]
  ↳ /Users/leilaweiss/.rvm/gems/ruby-2.5.1/bin/rake:23
  [1m[35m (0.8ms)[0m  [1m[36mcommit transaction[0m
  ↳ /Users/leilaweiss/.rvm/gems/ruby-2.5.1/bin/rake:23
  [1m[35m (0.1ms)[0m  [1m[34mSELECT "schema_migrations"."version" FROM "schema_migrations" ORDER BY "schema_migrations"."version" ASC[0m
  ↳ /Users/leilaweiss/.rvm/gems/ruby-2.5.1/bin/rake:23
Started GET "/" for ::1 at 2019-06-07 10:12:13 -0400
  
NoMethodError (undefined method `devise_for' for #<ActionDispatch::Routing::Mapper:0x00007fd494a7c8d8>):
  
config/routes.rb:2:in `block in <top (required)>'
config/routes.rb:1:in `<top (required)>'
Started GET "/" for ::1 at 2019-06-07 10:13:21 -0400
  
NoMethodError (undefined method `devise_for' for #<ActionDispatch::Routing::Mapper:0x00007fd4922040b8>):
  
config/routes.rb:2:in `block in <top (required)>'
config/routes.rb:1:in `<top (required)>'
Started GET "/" for ::1 at 2019-06-07 10:13:43 -0400
  
NoMethodError (undefined method `devise_for' for #<ActionDispatch::Routing::Mapper:0x00007fd497b79c60>):
  
config/routes.rb:2:in `block in <top (required)>'
config/routes.rb:1:in `<top (required)>'
Started GET "/" for ::1 at 2019-06-07 10:14:54 -0400
  [1m[35m (0.1ms)[0m  [1m[34mSELECT "schema_migrations"."version" FROM "schema_migrations" ORDER BY "schema_migrations"."version" ASC[0m
  ↳ /Users/leilaweiss/.rvm/gems/ruby-2.5.1/gems/activerecord-5.2.3/lib/active_record/log_subscriber.rb:98
  
ActionController::RoutingError (No route matches [GET] "/"):
  
actionpack (5.2.3) lib/action_dispatch/middleware/debug_exceptions.rb:65:in `call'
web-console (3.7.0) lib/web_console/middleware.rb:135:in `call_app'
web-console (3.7.0) lib/web_console/middleware.rb:30:in `block in call'
web-console (3.7.0) lib/web_console/middleware.rb:20:in `catch'
web-console (3.7.0) lib/web_console/middleware.rb:20:in `call'
actionpack (5.2.3) lib/action_dispatch/middleware/show_exceptions.rb:33:in `call'
railties (5.2.3) lib/rails/rack/logger.rb:38:in `call_app'
railties (5.2.3) lib/rails/rack/logger.rb:26:in `block in call'
activesupport (5.2.3) lib/active_support/tagged_logging.rb:71:in `block in tagged'
activesupport (5.2.3) lib/active_support/tagged_logging.rb:28:in `tagged'
activesupport (5.2.3) lib/active_support/tagged_logging.rb:71:in `tagged'
railties (5.2.3) lib/rails/rack/logger.rb:26:in `call'
sprockets-rails (3.2.1) lib/sprockets/rails/quiet_assets.rb:13:in `call'
actionpack (5.2.3) lib/action_dispatch/middleware/remote_ip.rb:81:in `call'
actionpack (5.2.3) lib/action_dispatch/middleware/request_id.rb:27:in `call'
rack (2.0.7) lib/rack/method_override.rb:22:in `call'
rack (2.0.7) lib/rack/runtime.rb:22:in `call'
activesupport (5.2.3) lib/active_support/cache/strategy/local_cache_middleware.rb:29:in `call'
actionpack (5.2.3) lib/action_dispatch/middleware/executor.rb:14:in `call'
actionpack (5.2.3) lib/action_dispatch/middleware/static.rb:127:in `call'
rack (2.0.7) lib/rack/sendfile.rb:111:in `call'
railties (5.2.3) lib/rails/engine.rb:524:in `call'
puma (3.12.1) lib/puma/configuration.rb:227:in `call'
puma (3.12.1) lib/puma/server.rb:660:in `handle_request'
puma (3.12.1) lib/puma/server.rb:474:in `process_client'
puma (3.12.1) lib/puma/server.rb:334:in `block in run'
puma (3.12.1) lib/puma/thread_pool.rb:135:in `block in spawn_thread'
Started GET "/" for ::1 at 2019-06-07 10:15:15 -0400
  [1m[35m (0.1ms)[0m  [1m[34mSELECT "schema_migrations"."version" FROM "schema_migrations" ORDER BY "schema_migrations"."version" ASC[0m
  ↳ /Users/leilaweiss/.rvm/gems/ruby-2.5.1/gems/activerecord-5.2.3/lib/active_record/log_subscriber.rb:98
Processing by MembersController#index as HTML
Completed 401 Unauthorized in 9ms (ActiveRecord: 0.0ms)


Started GET "/members/sign_in" for ::1 at 2019-06-07 10:15:15 -0400
Processing by Devise::SessionsController#new as HTML
  Rendering /Users/leilaweiss/.rvm/gems/ruby-2.5.1/gems/devise-4.6.2/app/views/devise/sessions/new.html.erb within layouts/application
  Rendered /Users/leilaweiss/.rvm/gems/ruby-2.5.1/gems/devise-4.6.2/app/views/devise/shared/_links.html.erb (1.0ms)
  Rendered /Users/leilaweiss/.rvm/gems/ruby-2.5.1/gems/devise-4.6.2/app/views/devise/sessions/new.html.erb within layouts/application (14.7ms)
Completed 200 OK in 593ms (Views: 579.3ms | ActiveRecord: 0.6ms)


Started POST "/members/sign_in" for ::1 at 2019-06-07 10:17:42 -0400
Processing by Devise::SessionsController#create as HTML
  Parameters: {"utf8"=>"✓", "authenticity_token"=>"5resz5Xduok7lOsbtqx6n5GFegF5RU7j/eJjaHua5rY1BnrDOgLAc5rvm4dnooqESvVDr1o5RUG77srv3NLpLw==", "member"=>{"email"=>"", "password"=>"[FILTERED]", "remember_me"=>"0"}, "commit"=>"Log in"}
Completed 401 Unauthorized in 1ms (ActiveRecord: 0.0ms)


Processing by Devise::SessionsController#new as HTML
  Parameters: {"utf8"=>"✓", "authenticity_token"=>"5resz5Xduok7lOsbtqx6n5GFegF5RU7j/eJjaHua5rY1BnrDOgLAc5rvm4dnooqESvVDr1o5RUG77srv3NLpLw==", "member"=>{"email"=>"", "password"=>"[FILTERED]", "remember_me"=>"0"}, "commit"=>"Log in"}
  Rendering /Users/leilaweiss/.rvm/gems/ruby-2.5.1/gems/devise-4.6.2/app/views/devise/sessions/new.html.erb within layouts/application
  Rendered /Users/leilaweiss/.rvm/gems/ruby-2.5.1/gems/devise-4.6.2/app/views/devise/shared/_links.html.erb (1.0ms)
  Rendered /Users/leilaweiss/.rvm/gems/ruby-2.5.1/gems/devise-4.6.2/app/views/devise/sessions/new.html.erb within layouts/application (6.2ms)
Completed 200 OK in 42ms (Views: 41.1ms | ActiveRecord: 0.0ms)


Started GET "/members/sign_in" for ::1 at 2019-06-07 10:19:53 -0400
Processing by Devise::SessionsController#new as HTML
  Rendering /Users/leilaweiss/.rvm/gems/ruby-2.5.1/gems/devise-4.6.2/app/views/devise/sessions/new.html.erb within layouts/application
  Rendered /Users/leilaweiss/.rvm/gems/ruby-2.5.1/gems/devise-4.6.2/app/views/devise/shared/_links.html.erb (1.2ms)
  Rendered /Users/leilaweiss/.rvm/gems/ruby-2.5.1/gems/devise-4.6.2/app/views/devise/sessions/new.html.erb within layouts/application (6.6ms)
Completed 200 OK in 47ms (Views: 45.6ms | ActiveRecord: 0.0ms)


Started GET "/members/sign_up" for ::1 at 2019-06-07 10:20:08 -0400
Processing by Devise::RegistrationsController#new as HTML
  Rendering /Users/leilaweiss/.rvm/gems/ruby-2.5.1/gems/devise-4.6.2/app/views/devise/registrations/new.html.erb within layouts/application
  Rendered /Users/leilaweiss/.rvm/gems/ruby-2.5.1/gems/devise-4.6.2/app/views/devise/shared/_error_messages.html.erb (0.7ms)
  Rendered /Users/leilaweiss/.rvm/gems/ruby-2.5.1/gems/devise-4.6.2/app/views/devise/shared/_links.html.erb (0.8ms)
  Rendered /Users/leilaweiss/.rvm/gems/ruby-2.5.1/gems/devise-4.6.2/app/views/devise/registrations/new.html.erb within layouts/application (8.9ms)
Completed 200 OK in 32ms (Views: 31.3ms | ActiveRecord: 0.0ms)


Started GET "/members/sign_in" for ::1 at 2019-06-07 10:20:11 -0400
Processing by Devise::SessionsController#new as HTML
  Rendering /Users/leilaweiss/.rvm/gems/ruby-2.5.1/gems/devise-4.6.2/app/views/devise/sessions/new.html.erb within layouts/application
  Rendered /Users/leilaweiss/.rvm/gems/ruby-2.5.1/gems/devise-4.6.2/app/views/devise/shared/_links.html.erb (0.8ms)
  Rendered /Users/leilaweiss/.rvm/gems/ruby-2.5.1/gems/devise-4.6.2/app/views/devise/sessions/new.html.erb within layouts/application (5.3ms)
Completed 200 OK in 32ms (Views: 31.1ms | ActiveRecord: 0.0ms)


Started GET "/members/password/new" for ::1 at 2019-06-07 10:20:12 -0400
Processing by Devise::PasswordsController#new as HTML
  Rendering /Users/leilaweiss/.rvm/gems/ruby-2.5.1/gems/devise-4.6.2/app/views/devise/passwords/new.html.erb within layouts/application
  Rendered /Users/leilaweiss/.rvm/gems/ruby-2.5.1/gems/devise-4.6.2/app/views/devise/shared/_error_messages.html.erb (0.5ms)
  Rendered /Users/leilaweiss/.rvm/gems/ruby-2.5.1/gems/devise-4.6.2/app/views/devise/shared/_links.html.erb (0.8ms)
  Rendered /Users/leilaweiss/.rvm/gems/ruby-2.5.1/gems/devise-4.6.2/app/views/devise/passwords/new.html.erb within layouts/application (7.7ms)
Completed 200 OK in 39ms (Views: 35.6ms | ActiveRecord: 0.0ms)


Started GET "/members/sign_in" for ::1 at 2019-06-07 10:20:14 -0400
Processing by Devise::SessionsController#new as HTML
  Rendering /Users/leilaweiss/.rvm/gems/ruby-2.5.1/gems/devise-4.6.2/app/views/devise/sessions/new.html.erb within layouts/application
  Rendered /Users/leilaweiss/.rvm/gems/ruby-2.5.1/gems/devise-4.6.2/app/views/devise/shared/_links.html.erb (1.0ms)
  Rendered /Users/leilaweiss/.rvm/gems/ruby-2.5.1/gems/devise-4.6.2/app/views/devise/sessions/new.html.erb within layouts/application (5.5ms)
Completed 200 OK in 30ms (Views: 29.4ms | ActiveRecord: 0.0ms)


Started GET "/members/sign_in" for ::1 at 2019-06-07 10:20:59 -0400
Processing by Devise::SessionsController#new as HTML
  Rendering /Users/leilaweiss/.rvm/gems/ruby-2.5.1/gems/devise-4.6.2/app/views/devise/sessions/new.html.erb within layouts/application
  Rendered /Users/leilaweiss/.rvm/gems/ruby-2.5.1/gems/devise-4.6.2/app/views/devise/shared/_links.html.erb (0.7ms)
  Rendered /Users/leilaweiss/.rvm/gems/ruby-2.5.1/gems/devise-4.6.2/app/views/devise/sessions/new.html.erb within layouts/application (5.1ms)
Completed 200 OK in 36ms (Views: 26.4ms | ActiveRecord: 0.6ms)


Started GET "/members/sign_in" for ::1 at 2019-06-07 10:22:53 -0400
Processing by Devise::SessionsController#new as HTML
  Rendering /Users/leilaweiss/.rvm/gems/ruby-2.5.1/gems/devise-4.6.2/app/views/devise/sessions/new.html.erb within layouts/application
  Rendered /Users/leilaweiss/.rvm/gems/ruby-2.5.1/gems/devise-4.6.2/app/views/devise/shared/_links.html.erb (0.7ms)
  Rendered /Users/leilaweiss/.rvm/gems/ruby-2.5.1/gems/devise-4.6.2/app/views/devise/sessions/new.html.erb within layouts/application (4.6ms)
Completed 200 OK in 32ms (Views: 22.8ms | ActiveRecord: 0.5ms)


Started POST "/members/sign_in" for ::1 at 2019-06-07 10:24:00 -0400
Processing by Devise::SessionsController#create as HTML
  Parameters: {"utf8"=>"✓", "authenticity_token"=>"BR/CXZN/83xCwqDKXXpvGHi+oJ5BBnYiP4V2orJsuWrWrhRRPKCJhuO50FaMdJ8Do86ZMGJ6fYB5id8lFSS28w==", "member"=>{"email"=>"leilaannweiss13@gmail.com", "password"=>"[FILTERED]", "remember_me"=>"0"}, "commit"=>"Log in"}
  [1m[36mMember Load (0.5ms)[0m  [1m[34mSELECT  "members".* FROM "members" WHERE "members"."email" = ? ORDER BY "members"."id" ASC LIMIT ?[0m  [["email", "leilaannweiss13@gmail.com"], ["LIMIT", 1]]
  ↳ /Users/leilaweiss/.rvm/gems/ruby-2.5.1/gems/activerecord-5.2.3/lib/active_record/log_subscriber.rb:98
Completed 401 Unauthorized in 5ms (ActiveRecord: 1.0ms)


Processing by Devise::SessionsController#new as HTML
  Parameters: {"utf8"=>"✓", "authenticity_token"=>"BR/CXZN/83xCwqDKXXpvGHi+oJ5BBnYiP4V2orJsuWrWrhRRPKCJhuO50FaMdJ8Do86ZMGJ6fYB5id8lFSS28w==", "member"=>{"email"=>"leilaannweiss13@gmail.com", "password"=>"[FILTERED]", "remember_me"=>"0"}, "commit"=>"Log in"}
  Rendering /Users/leilaweiss/.rvm/gems/ruby-2.5.1/gems/devise-4.6.2/app/views/devise/sessions/new.html.erb within layouts/application
  Rendered /Users/leilaweiss/.rvm/gems/ruby-2.5.1/gems/devise-4.6.2/app/views/devise/shared/_links.html.erb (0.6ms)
  Rendered /Users/leilaweiss/.rvm/gems/ruby-2.5.1/gems/devise-4.6.2/app/views/devise/sessions/new.html.erb within layouts/application (3.6ms)
Completed 200 OK in 147ms (Views: 26.9ms | ActiveRecord: 0.0ms)


Started POST "/members/sign_in" for ::1 at 2019-06-07 10:24:10 -0400
Processing by Devise::SessionsController#create as HTML
  Parameters: {"utf8"=>"✓", "authenticity_token"=>"9W6t5gl8TGwItrlgcfTL4dzAlOecL9Zr/tILUxTj/PQm33vqpqM2lqnNyfyg+jv6B7CtSb9T3cm43qLUs6vzbQ==", "member"=>{"email"=>"leilaannweiss13@gmail.com", "password"=>"[FILTERED]", "remember_me"=>"1"}, "commit"=>"Log in"}
  [1m[36mMember Load (0.1ms)[0m  [1m[34mSELECT  "members".* FROM "members" WHERE "members"."email" = ? ORDER BY "members"."id" ASC LIMIT ?[0m  [["email", "leilaannweiss13@gmail.com"], ["LIMIT", 1]]
  ↳ /Users/leilaweiss/.rvm/gems/ruby-2.5.1/gems/activerecord-5.2.3/lib/active_record/log_subscriber.rb:98
Completed 401 Unauthorized in 2ms (ActiveRecord: 0.1ms)


Processing by Devise::SessionsController#new as HTML
  Parameters: {"utf8"=>"✓", "authenticity_token"=>"9W6t5gl8TGwItrlgcfTL4dzAlOecL9Zr/tILUxTj/PQm33vqpqM2lqnNyfyg+jv6B7CtSb9T3cm43qLUs6vzbQ==", "member"=>{"email"=>"leilaannweiss13@gmail.com", "password"=>"[FILTERED]", "remember_me"=>"1"}, "commit"=>"Log in"}
  Rendering /Users/leilaweiss/.rvm/gems/ruby-2.5.1/gems/devise-4.6.2/app/views/devise/sessions/new.html.erb within layouts/application
  Rendered /Users/leilaweiss/.rvm/gems/ruby-2.5.1/gems/devise-4.6.2/app/views/devise/shared/_links.html.erb (0.6ms)
  Rendered /Users/leilaweiss/.rvm/gems/ruby-2.5.1/gems/devise-4.6.2/app/views/devise/sessions/new.html.erb within layouts/application (3.6ms)
Completed 200 OK in 130ms (Views: 19.7ms | ActiveRecord: 0.0ms)


Started POST "/members/sign_in" for ::1 at 2019-06-07 10:31:28 -0400
Processing by Devise::SessionsController#create as HTML
  Parameters: {"utf8"=>"✓", "authenticity_token"=>"5C/w+aMOvb/d03lgO0lnV14ImLl8zfFboqGZxRwrFd83nib1DNHHRXyoCfzqR5dMhXihF1+x+vnkrTBCu2MaRg==", "member"=>{"email"=>"leilaannweiss13@gmail.com", "password"=>"[FILTERED]", "remember_me"=>"1"}, "commit"=>"Log in"}
  [1m[36mMember Load (0.1ms)[0m  [1m[34mSELECT  "members".* FROM "members" WHERE "members"."email" = ? ORDER BY "members"."id" ASC LIMIT ?[0m  [["email", "leilaannweiss13@gmail.com"], ["LIMIT", 1]]
  ↳ /Users/leilaweiss/.rvm/gems/ruby-2.5.1/gems/activerecord-5.2.3/lib/active_record/log_subscriber.rb:98
Completed 401 Unauthorized in 2ms (ActiveRecord: 0.1ms)


Processing by Devise::SessionsController#new as HTML
  Parameters: {"utf8"=>"✓", "authenticity_token"=>"5C/w+aMOvb/d03lgO0lnV14ImLl8zfFboqGZxRwrFd83nib1DNHHRXyoCfzqR5dMhXihF1+x+vnkrTBCu2MaRg==", "member"=>{"email"=>"leilaannweiss13@gmail.com", "password"=>"[FILTERED]", "remember_me"=>"1"}, "commit"=>"Log in"}
  Rendering /Users/leilaweiss/.rvm/gems/ruby-2.5.1/gems/devise-4.6.2/app/views/devise/sessions/new.html.erb within layouts/application
  Rendered /Users/leilaweiss/.rvm/gems/ruby-2.5.1/gems/devise-4.6.2/app/views/devise/shared/_links.html.erb (0.6ms)
  Rendered /Users/leilaweiss/.rvm/gems/ruby-2.5.1/gems/devise-4.6.2/app/views/devise/sessions/new.html.erb within layouts/application (3.8ms)
Completed 200 OK in 127ms (Views: 20.6ms | ActiveRecord: 0.0ms)


Started POST "/members/sign_in" for ::1 at 2019-06-07 10:40:19 -0400
Processing by Devise::SessionsController#create as HTML
  Parameters: {"utf8"=>"✓", "authenticity_token"=>"sFz/DW256uSBffs6jqvW3KuLcKejiH5vGJQ8DVsdeHRj7SkBwmaQHiAGi6ZfpSbHcPtJCYD0dc1emJWK/FV37Q==", "member"=>{"email"=>"leilaannweiss13@gmail.com", "password"=>"[FILTERED]", "remember_me"=>"1"}, "commit"=>"Log in"}
  [1m[36mMember Load (0.1ms)[0m  [1m[34mSELECT  "members".* FROM "members" WHERE "members"."email" = ? ORDER BY "members"."id" ASC LIMIT ?[0m  [["email", "leilaannweiss13@gmail.com"], ["LIMIT", 1]]
  ↳ /Users/leilaweiss/.rvm/gems/ruby-2.5.1/gems/activerecord-5.2.3/lib/active_record/log_subscriber.rb:98
Completed 401 Unauthorized in 3ms (ActiveRecord: 0.6ms)


Processing by Devise::SessionsController#new as HTML
  Parameters: {"utf8"=>"✓", "authenticity_token"=>"sFz/DW256uSBffs6jqvW3KuLcKejiH5vGJQ8DVsdeHRj7SkBwmaQHiAGi6ZfpSbHcPtJCYD0dc1emJWK/FV37Q==", "member"=>{"email"=>"leilaannweiss13@gmail.com", "password"=>"[FILTERED]", "remember_me"=>"1"}, "commit"=>"Log in"}
  Rendering /Users/leilaweiss/.rvm/gems/ruby-2.5.1/gems/devise-4.6.2/app/views/devise/sessions/new.html.erb within layouts/application
  Rendered /Users/leilaweiss/.rvm/gems/ruby-2.5.1/gems/devise-4.6.2/app/views/devise/shared/_links.html.erb (0.6ms)
  Rendered /Users/leilaweiss/.rvm/gems/ruby-2.5.1/gems/devise-4.6.2/app/views/devise/sessions/new.html.erb within layouts/application (4.4ms)
Completed 200 OK in 140ms (Views: 30.7ms | ActiveRecord: 0.0ms)


Started GET "/members/password/new" for ::1 at 2019-06-07 10:40:29 -0400
Processing by Devise::PasswordsController#new as HTML
  Rendering /Users/leilaweiss/.rvm/gems/ruby-2.5.1/gems/devise-4.6.2/app/views/devise/passwords/new.html.erb within layouts/application
  Rendered /Users/leilaweiss/.rvm/gems/ruby-2.5.1/gems/devise-4.6.2/app/views/devise/shared/_error_messages.html.erb (0.5ms)
  Rendered /Users/leilaweiss/.rvm/gems/ruby-2.5.1/gems/devise-4.6.2/app/views/devise/shared/_links.html.erb (0.6ms)
  Rendered /Users/leilaweiss/.rvm/gems/ruby-2.5.1/gems/devise-4.6.2/app/views/devise/passwords/new.html.erb within layouts/application (7.5ms)
Completed 200 OK in 33ms (Views: 29.7ms | ActiveRecord: 0.0ms)


Started POST "/members/sign_in" for ::1 at 2019-06-07 10:40:32 -0400
Processing by Devise::SessionsController#create as HTML
  Parameters: {"utf8"=>"✓", "authenticity_token"=>"DMGRxmJBZPRiVB/dQ/t+vQhBTdh4UkZ8Hjl2WYmFTBffcEfKzZ4eDsMvb0GS9Y6m0zF0dlsuTd5YNd/eLs1Djg==", "member"=>{"email"=>"leilaannweiss13@gmail.com", "password"=>"[FILTERED]", "remember_me"=>"1"}, "commit"=>"Log in"}
  [1m[36mMember Load (0.1ms)[0m  [1m[34mSELECT  "members".* FROM "members" WHERE "members"."email" = ? ORDER BY "members"."id" ASC LIMIT ?[0m  [["email", "leilaannweiss13@gmail.com"], ["LIMIT", 1]]
  ↳ /Users/leilaweiss/.rvm/gems/ruby-2.5.1/gems/activerecord-5.2.3/lib/active_record/log_subscriber.rb:98
Completed 401 Unauthorized in 1ms (ActiveRecord: 0.1ms)


Processing by Devise::SessionsController#new as HTML
  Parameters: {"utf8"=>"✓", "authenticity_token"=>"DMGRxmJBZPRiVB/dQ/t+vQhBTdh4UkZ8Hjl2WYmFTBffcEfKzZ4eDsMvb0GS9Y6m0zF0dlsuTd5YNd/eLs1Djg==", "member"=>{"email"=>"leilaannweiss13@gmail.com", "password"=>"[FILTERED]", "remember_me"=>"1"}, "commit"=>"Log in"}
  Rendering /Users/leilaweiss/.rvm/gems/ruby-2.5.1/gems/devise-4.6.2/app/views/devise/sessions/new.html.erb within layouts/application
  Rendered /Users/leilaweiss/.rvm/gems/ruby-2.5.1/gems/devise-4.6.2/app/views/devise/shared/_links.html.erb (0.5ms)
  Rendered /Users/leilaweiss/.rvm/gems/ruby-2.5.1/gems/devise-4.6.2/app/views/devise/sessions/new.html.erb within layouts/application (3.6ms)
Completed 200 OK in 127ms (Views: 19.7ms | ActiveRecord: 0.0ms)


Started GET "/members/sign_in" for ::1 at 2019-06-07 10:42:29 -0400
Processing by Devise::SessionsController#new as HTML
  Rendering /Users/leilaweiss/.rvm/gems/ruby-2.5.1/gems/devise-4.6.2/app/views/devise/sessions/new.html.erb within layouts/application
  Rendered /Users/leilaweiss/.rvm/gems/ruby-2.5.1/gems/devise-4.6.2/app/views/devise/shared/_links.html.erb (1.0ms)
  Rendered /Users/leilaweiss/.rvm/gems/ruby-2.5.1/gems/devise-4.6.2/app/views/devise/sessions/new.html.erb within layouts/application (7.0ms)
Completed 200 OK in 38ms (Views: 36.6ms | ActiveRecord: 0.0ms)


Started POST "/members/sign_in" for ::1 at 2019-06-07 10:42:32 -0400
Processing by Devise::SessionsController#create as HTML
  Parameters: {"utf8"=>"✓", "authenticity_token"=>"QhXYuvTLaQXtOUk0J5QgS7q3BtCRnyQ80zuaRMjtLoORpA62WxQT/0xCOaj2mtBQYcc/frLjL56VNzPDb6UhGg==", "member"=>{"email"=>"leilaannweiss13@gmail.com", "password"=>"[FILTERED]", "remember_me"=>"0"}, "commit"=>"Log in"}
  [1m[36mMember Load (0.1ms)[0m  [1m[34mSELECT  "members".* FROM "members" WHERE "members"."email" = ? ORDER BY "members"."id" ASC LIMIT ?[0m  [["email", "leilaannweiss13@gmail.com"], ["LIMIT", 1]]
  ↳ /Users/leilaweiss/.rvm/gems/ruby-2.5.1/gems/activerecord-5.2.3/lib/active_record/log_subscriber.rb:98
Completed 401 Unauthorized in 1ms (ActiveRecord: 0.1ms)


Processing by Devise::SessionsController#new as HTML
  Parameters: {"utf8"=>"✓", "authenticity_token"=>"QhXYuvTLaQXtOUk0J5QgS7q3BtCRnyQ80zuaRMjtLoORpA62WxQT/0xCOaj2mtBQYcc/frLjL56VNzPDb6UhGg==", "member"=>{"email"=>"leilaannweiss13@gmail.com", "password"=>"[FILTERED]", "remember_me"=>"0"}, "commit"=>"Log in"}
  Rendering /Users/leilaweiss/.rvm/gems/ruby-2.5.1/gems/devise-4.6.2/app/views/devise/sessions/new.html.erb within layouts/application
  Rendered /Users/leilaweiss/.rvm/gems/ruby-2.5.1/gems/devise-4.6.2/app/views/devise/shared/_links.html.erb (1.0ms)
  Rendered /Users/leilaweiss/.rvm/gems/ruby-2.5.1/gems/devise-4.6.2/app/views/devise/sessions/new.html.erb within layouts/application (5.5ms)
Completed 200 OK in 165ms (Views: 43.4ms | ActiveRecord: 0.0ms)


Started POST "/members/sign_in" for ::1 at 2019-06-07 10:42:34 -0400
Processing by Devise::SessionsController#create as HTML
  Parameters: {"utf8"=>"✓", "authenticity_token"=>"67mz3Lf+/DoPJ56+EPyQLFfD0KLGQu6o3xrbrCCcvhQ4CGXQGCGGwK5c7iLB8mA3jLPpDOU+5QqZFnIrh9SxjQ==", "member"=>{"email"=>"leilaannweiss13@gmail.com", "password"=>"[FILTERED]", "remember_me"=>"0"}, "commit"=>"Log in"}
  [1m[36mMember Load (0.3ms)[0m  [1m[34mSELECT  "members".* FROM "members" WHERE "members"."email" = ? ORDER BY "members"."id" ASC LIMIT ?[0m  [["email", "leilaannweiss13@gmail.com"], ["LIMIT", 1]]
  ↳ /Users/leilaweiss/.rvm/gems/ruby-2.5.1/gems/activerecord-5.2.3/lib/active_record/log_subscriber.rb:98
Completed 401 Unauthorized in 3ms (ActiveRecord: 0.3ms)


Processing by Devise::SessionsController#new as HTML
  Parameters: {"utf8"=>"✓", "authenticity_token"=>"67mz3Lf+/DoPJ56+EPyQLFfD0KLGQu6o3xrbrCCcvhQ4CGXQGCGGwK5c7iLB8mA3jLPpDOU+5QqZFnIrh9SxjQ==", "member"=>{"email"=>"leilaannweiss13@gmail.com", "password"=>"[FILTERED]", "remember_me"=>"0"}, "commit"=>"Log in"}
  Rendering /Users/leilaweiss/.rvm/gems/ruby-2.5.1/gems/devise-4.6.2/app/views/devise/sessions/new.html.erb within layouts/application
  Rendered /Users/leilaweiss/.rvm/gems/ruby-2.5.1/gems/devise-4.6.2/app/views/devise/shared/_links.html.erb (1.1ms)
  Rendered /Users/leilaweiss/.rvm/gems/ruby-2.5.1/gems/devise-4.6.2/app/views/devise/sessions/new.html.erb within layouts/application (7.8ms)
Completed 200 OK in 205ms (Views: 66.7ms | ActiveRecord: 0.0ms)


Started GET "/members/sign_up" for ::1 at 2019-06-07 10:42:37 -0400
Processing by Devise::RegistrationsController#new as HTML
  Rendering /Users/leilaweiss/.rvm/gems/ruby-2.5.1/gems/devise-4.6.2/app/views/devise/registrations/new.html.erb within layouts/application
  Rendered /Users/leilaweiss/.rvm/gems/ruby-2.5.1/gems/devise-4.6.2/app/views/devise/shared/_error_messages.html.erb (0.5ms)
  Rendered /Users/leilaweiss/.rvm/gems/ruby-2.5.1/gems/devise-4.6.2/app/views/devise/shared/_links.html.erb (0.7ms)
  Rendered /Users/leilaweiss/.rvm/gems/ruby-2.5.1/gems/devise-4.6.2/app/views/devise/registrations/new.html.erb within layouts/application (7.8ms)
Completed 200 OK in 34ms (Views: 33.0ms | ActiveRecord: 0.0ms)


Started POST "/members" for ::1 at 2019-06-07 10:42:41 -0400
Processing by Devise::RegistrationsController#create as HTML
  Parameters: {"utf8"=>"✓", "authenticity_token"=>"vTYb+Eixe0FurNu2cx20na4V7kkvRWlbdBi0Y1tpFcwL3gawwYe6UIaS9toMExoMmXHZMhrC4KjlFL/SvMCgqA==", "member"=>{"email"=>"leilaannweiss13@gmail.com", "password"=>"[FILTERED]", "password_confirmation"=>"[FILTERED]"}, "commit"=>"Sign up"}
  [1m[35m (0.1ms)[0m  [1m[36mbegin transaction[0m
  ↳ /Users/leilaweiss/.rvm/gems/ruby-2.5.1/gems/activerecord-5.2.3/lib/active_record/log_subscriber.rb:98
  [1m[36mMember Exists (0.1ms)[0m  [1m[34mSELECT  1 AS one FROM "members" WHERE "members"."email" = ? LIMIT ?[0m  [["email", "leilaannweiss13@gmail.com"], ["LIMIT", 1]]
  ↳ /Users/leilaweiss/.rvm/gems/ruby-2.5.1/gems/activerecord-5.2.3/lib/active_record/log_subscriber.rb:98
  [1m[35m (0.1ms)[0m  [1m[31mrollback transaction[0m
  ↳ /Users/leilaweiss/.rvm/gems/ruby-2.5.1/gems/activerecord-5.2.3/lib/active_record/log_subscriber.rb:98
  Rendering /Users/leilaweiss/.rvm/gems/ruby-2.5.1/gems/devise-4.6.2/app/views/devise/registrations/new.html.erb within layouts/application
  Rendered /Users/leilaweiss/.rvm/gems/ruby-2.5.1/gems/devise-4.6.2/app/views/devise/shared/_error_messages.html.erb (1.0ms)
  Rendered /Users/leilaweiss/.rvm/gems/ruby-2.5.1/gems/devise-4.6.2/app/views/devise/shared/_links.html.erb (0.8ms)
  Rendered /Users/leilaweiss/.rvm/gems/ruby-2.5.1/gems/devise-4.6.2/app/views/devise/registrations/new.html.erb within layouts/application (10.4ms)
Completed 200 OK in 181ms (Views: 36.1ms | ActiveRecord: 0.3ms)


Started POST "/members/sign_in" for ::1 at 2019-06-07 10:42:55 -0400
Processing by Devise::SessionsController#create as HTML
  Parameters: {"utf8"=>"✓", "authenticity_token"=>"YzODaI69uHFKuDx6A/UeSx1nzR/E8+SD5jpTMN6UGAawglVkIWLCi+vDTObS++5Qxhf0seeP7yGgNvq3edwXnw==", "member"=>{"email"=>"leilaannweiss13@gmail.com", "password"=>"[FILTERED]", "remember_me"=>"0"}, "commit"=>"Log in"}
  [1m[36mMember Load (0.1ms)[0m  [1m[34mSELECT  "members".* FROM "members" WHERE "members"."email" = ? ORDER BY "members"."id" ASC LIMIT ?[0m  [["email", "leilaannweiss13@gmail.com"], ["LIMIT", 1]]
  ↳ /Users/leilaweiss/.rvm/gems/ruby-2.5.1/gems/activerecord-5.2.3/lib/active_record/log_subscriber.rb:98
Completed 401 Unauthorized in 2ms (ActiveRecord: 0.1ms)


Processing by Devise::SessionsController#new as HTML
  Parameters: {"utf8"=>"✓", "authenticity_token"=>"YzODaI69uHFKuDx6A/UeSx1nzR/E8+SD5jpTMN6UGAawglVkIWLCi+vDTObS++5Qxhf0seeP7yGgNvq3edwXnw==", "member"=>{"email"=>"leilaannweiss13@gmail.com", "password"=>"[FILTERED]", "remember_me"=>"0"}, "commit"=>"Log in"}
  Rendering /Users/leilaweiss/.rvm/gems/ruby-2.5.1/gems/devise-4.6.2/app/views/devise/sessions/new.html.erb within layouts/application
  Rendered /Users/leilaweiss/.rvm/gems/ruby-2.5.1/gems/devise-4.6.2/app/views/devise/shared/_links.html.erb (0.8ms)
  Rendered /Users/leilaweiss/.rvm/gems/ruby-2.5.1/gems/devise-4.6.2/app/views/devise/sessions/new.html.erb within layouts/application (4.8ms)
Completed 200 OK in 136ms (Views: 31.1ms | ActiveRecord: 0.0ms)


Started GET "/members/sign_in" for ::1 at 2019-06-07 10:44:41 -0400
Processing by Devise::SessionsController#new as HTML
  Rendering /Users/leilaweiss/.rvm/gems/ruby-2.5.1/gems/devise-4.6.2/app/views/devise/sessions/new.html.erb within layouts/application
  Rendered /Users/leilaweiss/.rvm/gems/ruby-2.5.1/gems/devise-4.6.2/app/views/devise/shared/_links.html.erb (1.0ms)
  Rendered /Users/leilaweiss/.rvm/gems/ruby-2.5.1/gems/devise-4.6.2/app/views/devise/sessions/new.html.erb within layouts/application (7.3ms)
Completed 200 OK in 39ms (Views: 38.3ms | ActiveRecord: 0.0ms)


Started POST "/members/sign_in" for ::1 at 2019-06-07 10:44:43 -0400
Processing by Devise::SessionsController#create as HTML
  Parameters: {"utf8"=>"✓", "authenticity_token"=>"ZerON4xfZ4JiqV9e1xhmFFV9L2xElKFWvOc0thB8t3i2Wxg7I4AdeMPSL8IGFpYPjg0WwmfoqvT6650xtzS44Q==", "member"=>{"email"=>"leilaannweiss13@gmail.com", "password"=>"[FILTERED]", "remember_me"=>"0"}, "commit"=>"Log in"}
  [1m[36mMember Load (0.1ms)[0m  [1m[34mSELECT  "members".* FROM "members" WHERE "members"."email" = ? ORDER BY "members"."id" ASC LIMIT ?[0m  [["email", "leilaannweiss13@gmail.com"], ["LIMIT", 1]]
  ↳ /Users/leilaweiss/.rvm/gems/ruby-2.5.1/gems/activerecord-5.2.3/lib/active_record/log_subscriber.rb:98
Completed 401 Unauthorized in 1ms (ActiveRecord: 0.1ms)


Processing by Devise::SessionsController#new as HTML
  Parameters: {"utf8"=>"✓", "authenticity_token"=>"ZerON4xfZ4JiqV9e1xhmFFV9L2xElKFWvOc0thB8t3i2Wxg7I4AdeMPSL8IGFpYPjg0WwmfoqvT6650xtzS44Q==", "member"=>{"email"=>"leilaannweiss13@gmail.com", "password"=>"[FILTERED]", "remember_me"=>"0"}, "commit"=>"Log in"}
  Rendering /Users/leilaweiss/.rvm/gems/ruby-2.5.1/gems/devise-4.6.2/app/views/devise/sessions/new.html.erb within layouts/application
  Rendered /Users/leilaweiss/.rvm/gems/ruby-2.5.1/gems/devise-4.6.2/app/views/devise/shared/_links.html.erb (1.1ms)
  Rendered /Users/leilaweiss/.rvm/gems/ruby-2.5.1/gems/devise-4.6.2/app/views/devise/sessions/new.html.erb within layouts/application (7.9ms)
Completed 200 OK in 166ms (Views: 37.0ms | ActiveRecord: 0.0ms)


Started GET "/members/sign_in" for ::1 at 2019-06-07 10:46:46 -0400
Processing by Devise::SessionsController#new as HTML
  Rendering /Users/leilaweiss/.rvm/gems/ruby-2.5.1/gems/devise-4.6.2/app/views/devise/sessions/new.html.erb within layouts/application
  Rendered /Users/leilaweiss/.rvm/gems/ruby-2.5.1/gems/devise-4.6.2/app/views/devise/shared/_links.html.erb (1.0ms)
  Rendered /Users/leilaweiss/.rvm/gems/ruby-2.5.1/gems/devise-4.6.2/app/views/devise/sessions/new.html.erb within layouts/application (6.5ms)
Completed 200 OK in 50ms (Views: 39.9ms | ActiveRecord: 0.5ms)


Started POST "/members/sign_in" for ::1 at 2019-06-07 10:46:48 -0400
Processing by Devise::SessionsController#create as HTML
  Parameters: {"utf8"=>"✓", "authenticity_token"=>"31d1SCA38PWz5eYnsHZ5JKHw2a5i89XzQ+88+Q58YJQM5qNEj+iKDxKelrtheIk/eoDgAEGP3lEF45V+qTRvDQ==", "member"=>{"email"=>"leilaannweiss13@gmail.com", "password"=>"[FILTERED]", "remember_me"=>"0"}, "commit"=>"Log in"}
  [1m[36mMember Load (0.2ms)[0m  [1m[34mSELECT  "members".* FROM "members" WHERE "members"."email" = ? ORDER BY "members"."id" ASC LIMIT ?[0m  [["email", "leilaannweiss13@gmail.com"], ["LIMIT", 1]]
  ↳ /Users/leilaweiss/.rvm/gems/ruby-2.5.1/gems/activerecord-5.2.3/lib/active_record/log_subscriber.rb:98
Completed 401 Unauthorized in 2ms (ActiveRecord: 0.2ms)


Processing by Devise::SessionsController#new as HTML
  Parameters: {"utf8"=>"✓", "authenticity_token"=>"31d1SCA38PWz5eYnsHZ5JKHw2a5i89XzQ+88+Q58YJQM5qNEj+iKDxKelrtheIk/eoDgAEGP3lEF45V+qTRvDQ==", "member"=>{"email"=>"leilaannweiss13@gmail.com", "password"=>"[FILTERED]", "remember_me"=>"0"}, "commit"=>"Log in"}
  Rendering /Users/leilaweiss/.rvm/gems/ruby-2.5.1/gems/devise-4.6.2/app/views/devise/sessions/new.html.erb within layouts/application
  Rendered /Users/leilaweiss/.rvm/gems/ruby-2.5.1/gems/devise-4.6.2/app/views/devise/shared/_links.html.erb (1.2ms)
  Rendered /Users/leilaweiss/.rvm/gems/ruby-2.5.1/gems/devise-4.6.2/app/views/devise/sessions/new.html.erb within layouts/application (9.3ms)
Completed 200 OK in 189ms (Views: 55.2ms | ActiveRecord: 0.0ms)


  [1m[36mMember Load (1.1ms)[0m  [1m[34mSELECT  "members".* FROM "members" LIMIT ?[0m  [["LIMIT", 11]]
Started POST "/members/sign_in" for ::1 at 2019-06-07 10:51:22 -0400
Processing by Devise::SessionsController#create as HTML
  Parameters: {"utf8"=>"✓", "authenticity_token"=>"RNuFpIuo43j2crunGRBVrRviNX4ONABJGPwup+YieSuXalOoJHeZglcJyzvIHqW2wJIM0C1IC+te8IcgQWp2sg==", "member"=>{"email"=>"leilaannweiss13@gmail.com", "password"=>"[FILTERED]", "remember_me"=>"0"}, "commit"=>"Log in"}
  [1m[36mMember Load (0.1ms)[0m  [1m[34mSELECT  "members".* FROM "members" WHERE "members"."email" = ? ORDER BY "members"."id" ASC LIMIT ?[0m  [["email", "leilaannweiss13@gmail.com"], ["LIMIT", 1]]
  ↳ /Users/leilaweiss/.rvm/gems/ruby-2.5.1/gems/activerecord-5.2.3/lib/active_record/log_subscriber.rb:98
Completed 401 Unauthorized in 2ms (ActiveRecord: 0.1ms)


Processing by Devise::SessionsController#new as HTML
  Parameters: {"utf8"=>"✓", "authenticity_token"=>"RNuFpIuo43j2crunGRBVrRviNX4ONABJGPwup+YieSuXalOoJHeZglcJyzvIHqW2wJIM0C1IC+te8IcgQWp2sg==", "member"=>{"email"=>"leilaannweiss13@gmail.com", "password"=>"[FILTERED]", "remember_me"=>"0"}, "commit"=>"Log in"}
  Rendering /Users/leilaweiss/.rvm/gems/ruby-2.5.1/gems/devise-4.6.2/app/views/devise/sessions/new.html.erb within layouts/application
  Rendered /Users/leilaweiss/.rvm/gems/ruby-2.5.1/gems/devise-4.6.2/app/views/devise/shared/_links.html.erb (1.9ms)
  Rendered /Users/leilaweiss/.rvm/gems/ruby-2.5.1/gems/devise-4.6.2/app/views/devise/sessions/new.html.erb within layouts/application (7.9ms)
Completed 200 OK in 168ms (Views: 39.3ms | ActiveRecord: 0.0ms)


Started GET "/members/sign_in" for ::1 at 2019-06-07 10:52:35 -0400
Processing by Devise::SessionsController#new as HTML
  Rendering /Users/leilaweiss/.rvm/gems/ruby-2.5.1/gems/devise-4.6.2/app/views/devise/sessions/new.html.erb within layouts/application
  Rendered /Users/leilaweiss/.rvm/gems/ruby-2.5.1/gems/devise-4.6.2/app/views/devise/shared/_links.html.erb (0.8ms)
  Rendered /Users/leilaweiss/.rvm/gems/ruby-2.5.1/gems/devise-4.6.2/app/views/devise/sessions/new.html.erb within layouts/application (5.9ms)
Completed 200 OK in 42ms (Views: 32.8ms | ActiveRecord: 0.5ms)


Started POST "/members/sign_in" for ::1 at 2019-06-07 10:53:12 -0400
Processing by Devise::SessionsController#create as HTML
  Parameters: {"utf8"=>"✓", "authenticity_token"=>"fkRNvkZyVE3XHeVs/o86r+Lbn+oDDnXMxl1c/evpBemt9Zuy6a0ut3ZmlfAvgcq0OaumRCByfm6AUfV6TKEKcA==", "member"=>{"email"=>"leilaannweiss13@gmail.com", "password"=>"[FILTERED]", "remember_me"=>"0"}, "commit"=>"Log in"}
  [1m[36mMember Load (0.2ms)[0m  [1m[34mSELECT  "members".* FROM "members" WHERE "members"."email" = ? ORDER BY "members"."id" ASC LIMIT ?[0m  [["email", "leilaannweiss13@gmail.com"], ["LIMIT", 1]]
  ↳ /Users/leilaweiss/.rvm/gems/ruby-2.5.1/gems/activerecord-5.2.3/lib/active_record/log_subscriber.rb:98
Completed 401 Unauthorized in 2ms (ActiveRecord: 0.2ms)


Processing by Devise::SessionsController#new as HTML
  Parameters: {"utf8"=>"✓", "authenticity_token"=>"fkRNvkZyVE3XHeVs/o86r+Lbn+oDDnXMxl1c/evpBemt9Zuy6a0ut3ZmlfAvgcq0OaumRCByfm6AUfV6TKEKcA==", "member"=>{"email"=>"leilaannweiss13@gmail.com", "password"=>"[FILTERED]", "remember_me"=>"0"}, "commit"=>"Log in"}
  Rendering /Users/leilaweiss/.rvm/gems/ruby-2.5.1/gems/devise-4.6.2/app/views/devise/sessions/new.html.erb within layouts/application
  Rendered /Users/leilaweiss/.rvm/gems/ruby-2.5.1/gems/devise-4.6.2/app/views/devise/shared/_links.html.erb (0.8ms)
  Rendered /Users/leilaweiss/.rvm/gems/ruby-2.5.1/gems/devise-4.6.2/app/views/devise/sessions/new.html.erb within layouts/application (5.7ms)
Completed 200 OK in 155ms (Views: 33.9ms | ActiveRecord: 0.0ms)


Started POST "/members/sign_in" for ::1 at 2019-06-07 10:53:13 -0400
Processing by Devise::SessionsController#create as HTML
  Parameters: {"utf8"=>"✓", "authenticity_token"=>"dxHjJko1/nL5pzz2Ja7bEIRWjppOJTxpU19I9U/wcEikoDUq5eqEiFjcTGr0oCsLXya3NG1ZN8sVU+Fy6Lh/0Q==", "member"=>{"email"=>"leilaannweiss13@gmail.com", "password"=>"[FILTERED]", "remember_me"=>"0"}, "commit"=>"Log in"}
  [1m[36mMember Load (0.1ms)[0m  [1m[34mSELECT  "members".* FROM "members" WHERE "members"."email" = ? ORDER BY "members"."id" ASC LIMIT ?[0m  [["email", "leilaannweiss13@gmail.com"], ["LIMIT", 1]]
  ↳ /Users/leilaweiss/.rvm/gems/ruby-2.5.1/gems/activerecord-5.2.3/lib/active_record/log_subscriber.rb:98
Completed 401 Unauthorized in 2ms (ActiveRecord: 0.1ms)


Processing by Devise::SessionsController#new as HTML
  Parameters: {"utf8"=>"✓", "authenticity_token"=>"dxHjJko1/nL5pzz2Ja7bEIRWjppOJTxpU19I9U/wcEikoDUq5eqEiFjcTGr0oCsLXya3NG1ZN8sVU+Fy6Lh/0Q==", "member"=>{"email"=>"leilaannweiss13@gmail.com", "password"=>"[FILTERED]", "remember_me"=>"0"}, "commit"=>"Log in"}
  Rendering /Users/leilaweiss/.rvm/gems/ruby-2.5.1/gems/devise-4.6.2/app/views/devise/sessions/new.html.erb within layouts/application
  Rendered /Users/leilaweiss/.rvm/gems/ruby-2.5.1/gems/devise-4.6.2/app/views/devise/shared/_links.html.erb (1.3ms)
  Rendered /Users/leilaweiss/.rvm/gems/ruby-2.5.1/gems/devise-4.6.2/app/views/devise/sessions/new.html.erb within layouts/application (5.8ms)
Completed 200 OK in 183ms (Views: 51.5ms | ActiveRecord: 0.0ms)


Started GET "/members/sign_up" for ::1 at 2019-06-07 10:53:22 -0400
Processing by Devise::RegistrationsController#new as HTML
  Rendering /Users/leilaweiss/.rvm/gems/ruby-2.5.1/gems/devise-4.6.2/app/views/devise/registrations/new.html.erb within layouts/application
  Rendered /Users/leilaweiss/.rvm/gems/ruby-2.5.1/gems/devise-4.6.2/app/views/devise/shared/_error_messages.html.erb (0.8ms)
  Rendered /Users/leilaweiss/.rvm/gems/ruby-2.5.1/gems/devise-4.6.2/app/views/devise/shared/_links.html.erb (1.0ms)
  Rendered /Users/leilaweiss/.rvm/gems/ruby-2.5.1/gems/devise-4.6.2/app/views/devise/registrations/new.html.erb within layouts/application (10.4ms)
Completed 200 OK in 40ms (Views: 38.5ms | ActiveRecord: 0.0ms)


Started POST "/members" for ::1 at 2019-06-07 10:53:33 -0400
Processing by Devise::RegistrationsController#create as HTML
  Parameters: {"utf8"=>"✓", "authenticity_token"=>"UqVN3sprDShqNKRCe+Wf8HOtprjbNElMlDMn3oc8+RHkTVCWQ13MOYIKiS4E6zFhRMmRw+6zwL8FPyxvYJVMdQ==", "member"=>{"email"=>"leilaannweiss13@gmail.com", "password"=>"[FILTERED]", "password_confirmation"=>"[FILTERED]"}, "commit"=>"Sign up"}
  [1m[35m (0.1ms)[0m  [1m[36mbegin transaction[0m
  ↳ /Users/leilaweiss/.rvm/gems/ruby-2.5.1/gems/activerecord-5.2.3/lib/active_record/log_subscriber.rb:98
  [1m[36mMember Exists (0.1ms)[0m  [1m[34mSELECT  1 AS one FROM "members" WHERE "members"."email" = ? LIMIT ?[0m  [["email", "leilaannweiss13@gmail.com"], ["LIMIT", 1]]
  ↳ /Users/leilaweiss/.rvm/gems/ruby-2.5.1/gems/activerecord-5.2.3/lib/active_record/log_subscriber.rb:98
  [1m[35m (0.1ms)[0m  [1m[31mrollback transaction[0m
  ↳ /Users/leilaweiss/.rvm/gems/ruby-2.5.1/gems/activerecord-5.2.3/lib/active_record/log_subscriber.rb:98
  Rendering /Users/leilaweiss/.rvm/gems/ruby-2.5.1/gems/devise-4.6.2/app/views/devise/registrations/new.html.erb within layouts/application
  Rendered /Users/leilaweiss/.rvm/gems/ruby-2.5.1/gems/devise-4.6.2/app/views/devise/shared/_error_messages.html.erb (1.1ms)
  Rendered /Users/leilaweiss/.rvm/gems/ruby-2.5.1/gems/devise-4.6.2/app/views/devise/shared/_links.html.erb (0.8ms)
  Rendered /Users/leilaweiss/.rvm/gems/ruby-2.5.1/gems/devise-4.6.2/app/views/devise/registrations/new.html.erb within layouts/application (10.4ms)
Completed 200 OK in 179ms (Views: 36.7ms | ActiveRecord: 0.2ms)


Started POST "/members" for ::1 at 2019-06-07 10:54:47 -0400
Processing by Devise::RegistrationsController#create as HTML
  Parameters: {"utf8"=>"✓", "authenticity_token"=>"RGyyKzxHtSDWGlClYdmG2jiHbQZNe12bRRTzj23dXGWX3WQnk5jP2ndhIDmw13bB4/dUqG4HVjkDGFoIypVT/A==", "member"=>{"email"=>"leilaannweiss13@gmail.com", "password"=>"[FILTERED]", "password_confirmation"=>"[FILTERED]"}, "commit"=>"Sign up"}
  [1m[35m (0.1ms)[0m  [1m[36mbegin transaction[0m
  ↳ /Users/leilaweiss/.rvm/gems/ruby-2.5.1/gems/activerecord-5.2.3/lib/active_record/log_subscriber.rb:98
  [1m[36mMember Exists (0.1ms)[0m  [1m[34mSELECT  1 AS one FROM "members" WHERE "members"."email" = ? LIMIT ?[0m  [["email", "leilaannweiss13@gmail.com"], ["LIMIT", 1]]
  ↳ /Users/leilaweiss/.rvm/gems/ruby-2.5.1/gems/activerecord-5.2.3/lib/active_record/log_subscriber.rb:98
  [1m[35m (0.1ms)[0m  [1m[31mrollback transaction[0m
  ↳ /Users/leilaweiss/.rvm/gems/ruby-2.5.1/gems/activerecord-5.2.3/lib/active_record/log_subscriber.rb:98
  Rendering /Users/leilaweiss/.rvm/gems/ruby-2.5.1/gems/devise-4.6.2/app/views/devise/registrations/new.html.erb within layouts/application
  Rendered /Users/leilaweiss/.rvm/gems/ruby-2.5.1/gems/devise-4.6.2/app/views/devise/shared/_error_messages.html.erb (1.3ms)
  Rendered /Users/leilaweiss/.rvm/gems/ruby-2.5.1/gems/devise-4.6.2/app/views/devise/shared/_links.html.erb (0.8ms)
  Rendered /Users/leilaweiss/.rvm/gems/ruby-2.5.1/gems/devise-4.6.2/app/views/devise/registrations/new.html.erb within layouts/application (9.7ms)
Completed 200 OK in 176ms (Views: 35.6ms | ActiveRecord: 0.8ms)


Started POST "/members" for ::1 at 2019-06-07 10:55:01 -0400
Processing by Devise::RegistrationsController#create as HTML
  Parameters: {"utf8"=>"✓", "authenticity_token"=>"3Rw73HFcn93DOiybKSQ2CpziE5iF4PY82NOh/D6cKMMOre3Q3oPlJ2JBXAf4KsYRR5IqNqac/Z6e3wh7mdQnWg==", "member"=>{"email"=>"leilaannweiss13@gmail.com", "password"=>"[FILTERED]", "password_confirmation"=>"[FILTERED]"}, "commit"=>"Sign up"}
  [1m[35m (0.0ms)[0m  [1m[36mbegin transaction[0m
  ↳ /Users/leilaweiss/.rvm/gems/ruby-2.5.1/gems/activerecord-5.2.3/lib/active_record/log_subscriber.rb:98
  [1m[36mMember Exists (0.1ms)[0m  [1m[34mSELECT  1 AS one FROM "members" WHERE "members"."email" = ? LIMIT ?[0m  [["email", "leilaannweiss13@gmail.com"], ["LIMIT", 1]]
  ↳ /Users/leilaweiss/.rvm/gems/ruby-2.5.1/gems/activerecord-5.2.3/lib/active_record/log_subscriber.rb:98
  [1m[35m (0.1ms)[0m  [1m[31mrollback transaction[0m
  ↳ /Users/leilaweiss/.rvm/gems/ruby-2.5.1/gems/activerecord-5.2.3/lib/active_record/log_subscriber.rb:98
  Rendering /Users/leilaweiss/.rvm/gems/ruby-2.5.1/gems/devise-4.6.2/app/views/devise/registrations/new.html.erb within layouts/application
  Rendered /Users/leilaweiss/.rvm/gems/ruby-2.5.1/gems/devise-4.6.2/app/views/devise/shared/_error_messages.html.erb (1.3ms)
  Rendered /Users/leilaweiss/.rvm/gems/ruby-2.5.1/gems/devise-4.6.2/app/views/devise/shared/_links.html.erb (0.7ms)
  Rendered /Users/leilaweiss/.rvm/gems/ruby-2.5.1/gems/devise-4.6.2/app/views/devise/registrations/new.html.erb within layouts/application (9.8ms)
Completed 200 OK in 166ms (Views: 34.5ms | ActiveRecord: 0.2ms)


Started GET "/members" for ::1 at 2019-06-07 11:01:29 -0400
Processing by MembersController#index as HTML
Completed 401 Unauthorized in 3ms (ActiveRecord: 0.0ms)


Started GET "/members/sign_in" for ::1 at 2019-06-07 11:01:29 -0400
Processing by Devise::SessionsController#new as HTML
  Rendering /Users/leilaweiss/.rvm/gems/ruby-2.5.1/gems/devise-4.6.2/app/views/devise/sessions/new.html.erb within layouts/application
  Rendered /Users/leilaweiss/.rvm/gems/ruby-2.5.1/gems/devise-4.6.2/app/views/devise/shared/_links.html.erb (0.9ms)
  Rendered /Users/leilaweiss/.rvm/gems/ruby-2.5.1/gems/devise-4.6.2/app/views/devise/sessions/new.html.erb within layouts/application (7.5ms)
Completed 200 OK in 66ms (Views: 54.1ms | ActiveRecord: 0.6ms)


Started GET "/members/sign_up" for ::1 at 2019-06-07 11:01:31 -0400
Processing by Devise::RegistrationsController#new as HTML
  Rendering /Users/leilaweiss/.rvm/gems/ruby-2.5.1/gems/devise-4.6.2/app/views/devise/registrations/new.html.erb within layouts/application
  Rendered /Users/leilaweiss/.rvm/gems/ruby-2.5.1/gems/devise-4.6.2/app/views/devise/shared/_error_messages.html.erb (0.6ms)
  Rendered /Users/leilaweiss/.rvm/gems/ruby-2.5.1/gems/devise-4.6.2/app/views/devise/shared/_links.html.erb (1.0ms)
  Rendered /Users/leilaweiss/.rvm/gems/ruby-2.5.1/gems/devise-4.6.2/app/views/devise/registrations/new.html.erb within layouts/application (10.3ms)
Completed 200 OK in 41ms (Views: 39.7ms | ActiveRecord: 0.0ms)


Started POST "/members" for ::1 at 2019-06-07 11:01:36 -0400
Processing by Devise::RegistrationsController#create as HTML
  Parameters: {"utf8"=>"✓", "authenticity_token"=>"/SwwN15mvox626queUAFqGslvJc3mgQZNMO6R9LsV4lLxC1/11B/nZLlh8IGTqs5XEGL7AIdjeqlz7H2NUXi7Q==", "member"=>{"email"=>"leilaannweiss13@gmail.com", "password"=>"[FILTERED]", "password_confirmation"=>"[FILTERED]"}, "commit"=>"Sign up"}
  [1m[35m (0.1ms)[0m  [1m[36mbegin transaction[0m
  ↳ /Users/leilaweiss/.rvm/gems/ruby-2.5.1/gems/activerecord-5.2.3/lib/active_record/log_subscriber.rb:98
  [1m[36mMember Exists (0.1ms)[0m  [1m[34mSELECT  1 AS one FROM "members" WHERE "members"."email" = ? LIMIT ?[0m  [["email", "leilaannweiss13@gmail.com"], ["LIMIT", 1]]
  ↳ /Users/leilaweiss/.rvm/gems/ruby-2.5.1/gems/activerecord-5.2.3/lib/active_record/log_subscriber.rb:98
  [1m[35m (0.1ms)[0m  [1m[31mrollback transaction[0m
  ↳ /Users/leilaweiss/.rvm/gems/ruby-2.5.1/gems/activerecord-5.2.3/lib/active_record/log_subscriber.rb:98
  Rendering /Users/leilaweiss/.rvm/gems/ruby-2.5.1/gems/devise-4.6.2/app/views/devise/registrations/new.html.erb within layouts/application
  Rendered /Users/leilaweiss/.rvm/gems/ruby-2.5.1/gems/devise-4.6.2/app/views/devise/shared/_error_messages.html.erb (1.1ms)
  Rendered /Users/leilaweiss/.rvm/gems/ruby-2.5.1/gems/devise-4.6.2/app/views/devise/shared/_links.html.erb (1.7ms)
  Rendered /Users/leilaweiss/.rvm/gems/ruby-2.5.1/gems/devise-4.6.2/app/views/devise/registrations/new.html.erb within layouts/application (11.9ms)
Completed 200 OK in 195ms (Views: 45.3ms | ActiveRecord: 0.3ms)


